***************************
 LISFLOOD-FP version 5.8.9
***************************

WARNING: bdy comment is unreferenced - data ignored.
WARNING: bdy line is unreferenced - data ignored.
WARNING: bdy comment is unreferenced - data ignored.
WARNING: bdy line is unreferenced - data ignored.
WARNING: bdy  in bci file not found in bdy file - ignored.
WARNING: bdy  in bci file not found in bdy file - ignored.
WARNING: bdy  in bci file not found in bdy file - ignored.
WARNING: bdy  in bci file not found in bdy file - ignored.
WARNING: bdy  in bci file not found in bdy file - ignored.
WARNING: bdy  in bci file not found in bdy file - ignored.
WARNING: bdy  in bci file not found in bdy file - ignored.
WARNING: bdy  in bci file not found in bdy file - ignored.
WARNING: bdy  in bci file not found in bdy file - ignored.
WARNING: bdy  in bci file not found in bdy file - ignored.
WARNING: bdy  in bci file not found in bdy file - ignored.
WARNING: bdy  in bci file not found in bdy file - ignored.
WARNING: bdy  in bci file not found in bdy file - ignored.
WARNING: bdy  in bci file not found in bdy file - ignored.
WARNING: bdy  in bci file not found in bdy file - ignored.
WARNING: bdy  in bci file not found in bdy file - ignored.
WARNING: bdy  in bci file not found in bdy file - ignored.
WARNING: bdy  in bci file not found in bdy file - ignored.
WARNING: bdy  in bci file not found in bdy file - ignored.
WARNING: bdy  in bci file not found in bdy file - ignored.
WARNING: bdy  in bci file not found in bdy file - ignored.
WARNING: bdy  in bci file not found in bdy file - ignored.
WARNING: bdy  in bci file not found in bdy file - ignored.
WARNING: bdy  in bci file not found in bdy file - ignored.
WARNING: bdy  in bci file not found in bdy file - ignored.
